{
  "RSpec": {
    "coverage": {
      "/Users/home/code/mcp/savant/lib/savant/generator.rb": {
        "lines": [
          null,
          null,
          null,
          1,
          null,
          1,
          null,
          1,
          1,
          3,
          3,
          null,
          null,
          null,
          null,
          1,
          4,
          4,
          4,
          4,
          4,
          4,
          null,
          4,
          4,
          null,
          4,
          3,
          3,
          null,
          3,
          3,
          null,
          null,
          1,
          null,
          1,
          8,
          null,
          null,
          1,
          10,
          null,
          9,
          null,
          null,
          1,
          8,
          null,
          null,
          1,
          4,
          4,
          null,
          null,
          null,
          null,
          null,
          null,
          null,
          null,
          null,
          null,
          null,
          null,
          null,
          null,
          null,
          null,
          null,
          null,
          null,
          null,
          1,
          3,
          null,
          null,
          null,
          null,
          null,
          null,
          null,
          null,
          null,
          null,
          null,
          null,
          null,
          null,
          null,
          null,
          null,
          null,
          null,
          null,
          null,
          null,
          null,
          null,
          1,
          3,
          null,
          null,
          null,
          null,
          null,
          null,
          null,
          null,
          null,
          null,
          null,
          null,
          null,
          null,
          null,
          null,
          null,
          null,
          null
        ],
        "branches": {
          "[:if, 0, 42, 6, 42, 92]": {
            "[:then, 1, 42, 6, 42, 61]": 1,
            "[:else, 2, 42, 6, 42, 92]": 9
          },
          "[:if, 3, 48, 40, 48, 76]": {
            "[:then, 4, 48, 51, 48, 53]": 0,
            "[:else, 5, 48, 56, 48, 76]": 4
          },
          "[:if, 6, 52, 16, 52, 67]": {
            "[:then, 7, 52, 26, 52, 60]": 1,
            "[:else, 8, 52, 63, 52, 67]": 3
          }
        }
      },
      "/Users/home/code/mcp/savant/lib/savant/indexer/repository_scanner.rb": {
        "lines": [
          null,
          null,
          null,
          null,
          null,
          null,
          null,
          null,
          null,
          null,
          1,
          1,
          null,
          1,
          1,
          null,
          null,
          null,
          null,
          1,
          1,
          null,
          1,
          1,
          1,
          1,
          1,
          1,
          1,
          null,
          null,
          1,
          1,
          null,
          1,
          1,
          1,
          1,
          1,
          null,
          null,
          null,
          0,
          0,
          null,
          0,
          0,
          0,
          null,
          0,
          null,
          0,
          null,
          null,
          0,
          0,
          null,
          0,
          null,
          null,
          null,
          0,
          null,
          0,
          null,
          null,
          1,
          null,
          1,
          0,
          null,
          null,
          1,
          null,
          0,
          null,
          null,
          1,
          3,
          5,
          null,
          null,
          null,
          1,
          1,
          1,
          null,
          1,
          null,
          null,
          1,
          null,
          null,
          1,
          null,
          1,
          1,
          null,
          1,
          4,
          2,
          null,
          null,
          0,
          null,
          null,
          1,
          1,
          2,
          2,
          null,
          2,
          2,
          2,
          null,
          null,
          null,
          1,
          1,
          1,
          2,
          2,
          null,
          null,
          2,
          2,
          2,
          0,
          null,
          0,
          null,
          null,
          null,
          1,
          1,
          null,
          null,
          1,
          1,
          1,
          2,
          null,
          0,
          0,
          0,
          0,
          null,
          0,
          null,
          null,
          1,
          null,
          null,
          null,
          null
        ],
        "branches": {
          "[:unless, 0, 33, 8, 33, 42]": {
            "[:else, 1, 33, 8, 33, 42]": 1,
            "[:then, 2, 33, 8, 33, 17]": 0
          },
          "[:unless, 3, 37, 10, 40, 13]": {
            "[:else, 4, 37, 10, 40, 13]": 0,
            "[:then, 5, 38, 12, 39, 23]": 1
          },
          "[:if, 6, 35, 8, 42, 11]": {
            "[:then, 7, 36, 10, 40, 13]": 1,
            "[:else, 8, 35, 8, 42, 11]": 0
          },
          "[:unless, 9, 50, 14, 50, 58]": {
            "[:else, 10, 50, 14, 50, 58]": 0,
            "[:then, 11, 50, 14, 50, 18]": 0
          },
          "[:if, 12, 55, 14, 55, 32]": {
            "[:then, 13, 55, 14, 55, 18]": 0,
            "[:else, 14, 55, 14, 55, 32]": 0
          },
          "[:if, 15, 56, 14, 56, 35]": {
            "[:then, 16, 56, 14, 56, 18]": 0,
            "[:else, 17, 56, 14, 56, 35]": 0
          },
          "[:if, 18, 48, 12, 59, 15]": {
            "[:then, 19, 50, 14, 52, 24]": 0,
            "[:else, 20, 55, 14, 58, 32]": 0
          },
          "[:if, 21, 85, 8, 85, 43]": {
            "[:then, 22, 85, 8, 85, 20]": 0,
            "[:else, 23, 85, 8, 85, 43]": 1
          },
          "[:unless, 24, 86, 8, 86, 64]": {
            "[:else, 25, 86, 8, 86, 64]": 1,
            "[:then, 26, 86, 8, 86, 20]": 0
          },
          "[:unless, 27, 97, 8, 97, 41]": {
            "[:else, 28, 97, 8, 97, 41]": 1,
            "[:then, 29, 97, 8, 97, 18]": 0
          },
          "[:unless, 30, 100, 8, 100, 81]": {
            "[:else, 31, 100, 8, 100, 81]": 0,
            "[:then, 32, 100, 8, 100, 50]": 1
          },
          "[:if, 33, 110, 10, 110, 70]": {
            "[:then, 34, 110, 10, 110, 14]": 0,
            "[:else, 35, 110, 10, 110, 70]": 2
          },
          "[:unless, 36, 112, 10, 112, 46]": {
            "[:else, 37, 112, 10, 112, 46]": 2,
            "[:then, 38, 112, 10, 112, 23]": 0
          },
          "[:if, 39, 113, 10, 113, 42]": {
            "[:then, 40, 113, 10, 113, 22]": 0,
            "[:else, 41, 113, 10, 113, 42]": 2
          },
          "[:if, 42, 122, 10, 122, 70]": {
            "[:then, 43, 122, 10, 122, 14]": 0,
            "[:else, 44, 122, 10, 122, 70]": 2
          },
          "[:unless, 45, 127, 12, 127, 75]": {
            "[:else, 46, 127, 12, 127, 75]": 0,
            "[:then, 47, 127, 12, 127, 43]": 2
          },
          "[:if, 48, 128, 10, 130, 22]": {
            "[:then, 49, 130, 12, 130, 22]": 0,
            "[:else, 50, 128, 10, 130, 22]": 0
          },
          "[:if, 51, 125, 10, 131, 13]": {
            "[:then, 52, 126, 12, 127, 75]": 2,
            "[:else, 53, 128, 10, 130, 22]": 0
          },
          "[:unless, 54, 141, 10, 141, 38]": {
            "[:else, 55, 141, 10, 141, 38]": 0,
            "[:then, 56, 141, 10, 141, 14]": 2
          },
          "[:if, 57, 145, 12, 145, 56]": {
            "[:then, 58, 145, 12, 145, 16]": 0,
            "[:else, 59, 145, 12, 145, 56]": 0
          },
          "[:if, 60, 146, 12, 146, 41]": {
            "[:then, 61, 146, 12, 146, 16]": 0,
            "[:else, 62, 146, 12, 146, 41]": 0
          }
        }
      },
      "/Users/home/code/mcp/savant/lib/savant/indexer.rb": {
        "lines": [
          null,
          null,
          null,
          null,
          null,
          null,
          null,
          null,
          null,
          null,
          1,
          1,
          1,
          1,
          1,
          null,
          1,
          1,
          null,
          null,
          null,
          null,
          1,
          1,
          0,
          0,
          0,
          null,
          null,
          1,
          0,
          0,
          0,
          null,
          null,
          null,
          null,
          null,
          0,
          null,
          null,
          null,
          null,
          1,
          1,
          1,
          1,
          1,
          1,
          1,
          1,
          1,
          1,
          1,
          1,
          1,
          null,
          null,
          null,
          1,
          null
        ],
        "branches": {}
      },
      "/Users/home/code/mcp/savant/lib/savant/config.rb": {
        "lines": [
          null,
          null,
          null,
          null,
          null,
          null,
          null,
          null,
          null,
          null,
          null,
          1,
          null,
          1,
          null,
          null,
          null,
          null,
          1,
          null,
          null,
          null,
          null,
          null,
          null,
          null,
          null,
          null,
          null,
          1,
          null,
          null,
          null,
          null,
          null,
          1,
          0,
          0,
          null,
          null,
          0,
          null,
          0,
          null,
          null,
          0,
          0,
          null,
          null,
          null,
          null,
          null,
          null,
          null,
          null,
          1,
          null,
          null,
          0,
          null,
          null,
          null,
          null,
          0,
          0,
          null,
          0,
          null,
          0,
          0,
          null,
          null,
          null,
          0,
          0,
          null,
          null,
          0,
          0,
          0,
          0,
          null,
          0,
          null,
          null,
          null
        ],
        "branches": {
          "[:if, 0, 37, 6, 37, 87]": {
            "[:then, 1, 37, 6, 37, 53]": 0,
            "[:else, 2, 37, 6, 37, 87]": 0
          },
          "[:unless, 3, 38, 6, 38, 84]": {
            "[:else, 4, 38, 6, 38, 84]": 0,
            "[:then, 5, 38, 6, 38, 59]": 0
          },
          "[:unless, 6, 65, 8, 65, 69]": {
            "[:else, 7, 65, 8, 65, 69]": 0,
            "[:then, 8, 65, 8, 65, 48]": 0
          },
          "[:unless, 9, 67, 8, 67, 25]": {
            "[:else, 10, 67, 8, 67, 25]": 0,
            "[:then, 11, 67, 8, 67, 12]": 0
          },
          "[:unless, 12, 70, 10, 70, 107]": {
            "[:else, 13, 70, 10, 70, 107]": 0,
            "[:then, 14, 70, 10, 70, 57]": 0
          },
          "[:unless, 15, 74, 6, 76, 9]": {
            "[:else, 16, 74, 6, 76, 9]": 0,
            "[:then, 17, 75, 8, 75, 60]": 0
          },
          "[:unless, 18, 79, 8, 79, 98]": {
            "[:else, 19, 79, 8, 79, 98]": 0,
            "[:then, 20, 79, 8, 79, 46]": 0
          },
          "[:unless, 21, 80, 8, 80, 111]": {
            "[:else, 22, 80, 8, 80, 111]": 0,
            "[:then, 23, 80, 8, 80, 59]": 0
          },
          "[:if, 24, 81, 8, 81, 111]": {
            "[:then, 25, 81, 8, 81, 67]": 0,
            "[:else, 26, 81, 8, 81, 111]": 0
          }
        }
      },
      "/Users/home/code/mcp/savant/lib/savant/db.rb": {
        "lines": [
          null,
          null,
          null,
          null,
          null,
          null,
          null,
          null,
          null,
          null,
          null,
          1,
          null,
          1,
          null,
          null,
          null,
          null,
          null,
          null,
          null,
          1,
          null,
          1,
          0,
          0,
          null,
          null,
          null,
          null,
          null,
          1,
          0,
          null,
          0,
          0,
          0,
          null,
          0,
          null,
          0,
          null,
          0,
          null,
          null,
          null,
          1,
          0,
          null,
          null,
          null,
          null,
          1,
          null,
          0,
          0,
          0,
          0,
          0,
          null,
          0,
          null,
          null,
          null,
          null,
          null,
          null,
          null,
          0,
          null,
          null,
          null,
          null,
          null,
          null,
          null,
          null,
          null,
          null,
          0,
          0,
          null,
          0,
          null,
          null,
          null,
          null,
          null,
          null,
          null,
          0,
          null,
          null,
          null,
          null,
          null,
          null,
          null,
          0,
          null,
          null,
          null,
          null,
          null,
          null,
          null,
          null,
          0,
          0,
          null,
          null,
          null,
          null,
          1,
          0,
          null,
          null,
          0,
          null,
          null,
          null,
          null,
          null,
          null,
          1,
          0,
          0,
          null,
          0,
          0,
          null,
          null,
          null,
          null,
          null,
          null,
          1,
          0,
          0,
          0,
          null,
          null,
          0,
          null,
          null,
          null,
          null,
          1,
          0,
          0,
          null,
          0,
          0,
          null,
          null,
          null,
          null,
          1,
          0,
          0,
          null,
          null,
          null,
          null,
          null,
          null,
          null,
          0,
          null,
          null,
          null,
          null,
          1,
          0,
          0,
          null,
          null,
          null,
          null,
          null,
          0,
          null,
          null,
          null,
          null,
          null,
          null,
          1,
          0,
          0,
          null,
          null,
          0,
          0,
          null,
          0,
          null,
          null,
          null,
          null,
          1,
          0,
          0,
          null,
          0,
          0,
          0,
          null,
          null,
          null,
          null,
          1,
          0,
          0,
          0,
          0,
          0,
          0,
          null,
          null,
          null
        ],
        "branches": {
          "[:\"&.\", 0, 48, 6, 48, 18]": {
            "[:then, 1, 48, 6, 48, 18]": 0,
            "[:else, 2, 48, 6, 48, 18]": 0
          },
          "[:if, 3, 127, 6, 127, 55]": {
            "[:then, 4, 127, 6, 127, 30]": 0,
            "[:else, 5, 127, 6, 127, 55]": 0
          },
          "[:if, 6, 150, 6, 150, 55]": {
            "[:then, 7, 150, 6, 150, 30]": 0,
            "[:else, 8, 150, 6, 150, 55]": 0
          },
          "[:if, 9, 189, 6, 195, 9]": {
            "[:then, 10, 190, 8, 190, 74]": 0,
            "[:else, 11, 193, 8, 194, 52]": 0
          },
          "[:if, 12, 203, 6, 203, 35]": {
            "[:then, 13, 203, 6, 203, 14]": 0,
            "[:else, 14, 203, 6, 203, 35]": 0
          }
        }
      },
      "/Users/home/code/mcp/savant/lib/savant/logger.rb": {
        "lines": [
          null,
          null,
          null,
          null,
          null,
          null,
          null,
          null,
          null,
          null,
          1,
          null,
          null,
          null,
          null,
          null,
          1,
          1,
          null,
          null,
          null,
          1,
          0,
          0,
          0,
          0,
          null,
          null,
          1,
          0,
          null,
          null,
          1,
          0,
          null,
          null,
          1,
          0,
          null,
          null,
          1,
          0,
          null,
          null,
          1,
          0,
          null,
          null,
          null,
          null,
          null,
          1,
          0,
          0,
          0,
          0,
          0,
          0,
          0,
          0,
          null,
          null,
          1,
          null,
          1,
          0,
          0,
          null,
          null,
          1,
          0,
          null,
          null,
          null
        ],
        "branches": {
          "[:if, 0, 34, 6, 34, 50]": {
            "[:then, 1, 34, 6, 34, 23]": 0,
            "[:else, 2, 34, 6, 34, 50]": 0
          },
          "[:if, 3, 38, 6, 38, 48]": {
            "[:then, 4, 38, 6, 38, 22]": 0,
            "[:else, 5, 38, 6, 38, 48]": 0
          },
          "[:if, 6, 42, 6, 42, 48]": {
            "[:then, 7, 42, 6, 42, 22]": 0,
            "[:else, 8, 42, 6, 42, 48]": 0
          },
          "[:if, 9, 58, 6, 58, 71]": {
            "[:then, 10, 58, 6, 58, 63]": 0,
            "[:else, 11, 58, 6, 58, 71]": 0
          },
          "[:if, 12, 59, 6, 59, 54]": {
            "[:then, 13, 59, 6, 59, 45]": 0,
            "[:else, 14, 59, 6, 59, 54]": 0
          }
        }
      },
      "/Users/home/code/mcp/savant/lib/savant/indexer/config.rb": {
        "lines": [
          null,
          null,
          null,
          null,
          null,
          null,
          null,
          null,
          null,
          null,
          1,
          1,
          null,
          null,
          null,
          null,
          1,
          1,
          null,
          1,
          4,
          null,
          null,
          1,
          21,
          null,
          null,
          null,
          1,
          4,
          null,
          null,
          null,
          1,
          10,
          null,
          null,
          null,
          1,
          3,
          null,
          null,
          null,
          1,
          12,
          null,
          null,
          null,
          1,
          0,
          null,
          null,
          null,
          null,
          null,
          1,
          0,
          0,
          null,
          null,
          null,
          null,
          null,
          1,
          4,
          4,
          null,
          null,
          1,
          null,
          1,
          4,
          0,
          0,
          0,
          null,
          4,
          null,
          null,
          null,
          null,
          null
        ],
        "branches": {
          "[:\"&.\", 0, 57, 15, 57, 40]": {
            "[:then, 1, 57, 15, 57, 40]": 0,
            "[:else, 2, 57, 15, 57, 40]": 0
          },
          "[:\"&.\", 3, 57, 15, 57, 50]": {
            "[:then, 4, 57, 15, 57, 50]": 0,
            "[:else, 5, 57, 15, 57, 50]": 0
          },
          "[:\"&.\", 6, 65, 16, 65, 43]": {
            "[:then, 7, 65, 16, 65, 43]": 0,
            "[:else, 8, 65, 16, 65, 43]": 4
          },
          "[:\"&.\", 9, 65, 16, 65, 53]": {
            "[:then, 10, 65, 16, 65, 53]": 0,
            "[:else, 11, 65, 16, 65, 53]": 4
          },
          "[:case, 12, 72, 8, 78, 11]": {
            "[:when, 13, 73, 24, 73, 28]": 0,
            "[:when, 14, 74, 25, 74, 30]": 0,
            "[:when, 15, 75, 25, 75, 30]": 0,
            "[:else, 16, 77, 10, 77, 15]": 4
          }
        }
      },
      "/Users/home/code/mcp/savant/lib/savant/indexer/cache.rb": {
        "lines": [
          null,
          null,
          1,
          null,
          null,
          null,
          null,
          null,
          null,
          null,
          null,
          1,
          1,
          null,
          null,
          null,
          null,
          1,
          1,
          0,
          0,
          null,
          null,
          1,
          0,
          null,
          null,
          1,
          0,
          null,
          null,
          null,
          null,
          1,
          0,
          0,
          0,
          null,
          null,
          1,
          null,
          1,
          0,
          null,
          null,
          null,
          null
        ],
        "branches": {
          "[:unless, 0, 36, 8, 36, 45]": {
            "[:else, 1, 36, 8, 36, 45]": 0,
            "[:then, 2, 36, 8, 36, 22]": 0
          },
          "[:if, 3, 43, 8, 43, 62]": {
            "[:then, 4, 43, 29, 43, 57]": 0,
            "[:else, 5, 43, 60, 43, 62]": 0
          }
        }
      },
      "/Users/home/code/mcp/savant/lib/savant/indexer/instrumentation.rb": {
        "lines": [
          null,
          null,
          null,
          null,
          null,
          null,
          null,
          null,
          null,
          1,
          1,
          null,
          null,
          null,
          null,
          1,
          1,
          4,
          null,
          null,
          1,
          10,
          null,
          null,
          1,
          0,
          null,
          null,
          1,
          0,
          0,
          null,
          0,
          0,
          0,
          0,
          0,
          null,
          null,
          null,
          null,
          null
        ],
        "branches": {
          "[:if, 0, 30, 8, 38, 11]": {
            "[:then, 1, 31, 10, 31, 51]": 0,
            "[:else, 2, 33, 10, 37, 13]": 0
          }
        }
      },
      "/Users/home/code/mcp/savant/lib/savant/indexer/language.rb": {
        "lines": [
          null,
          null,
          null,
          null,
          null,
          null,
          null,
          null,
          null,
          1,
          1,
          null,
          null,
          null,
          1,
          1,
          4,
          4,
          null,
          null,
          null,
          null
        ],
        "branches": {
          "[:if, 0, 18, 8, 18, 32]": {
            "[:then, 1, 18, 21, 18, 26]": 0,
            "[:else, 2, 18, 29, 18, 32]": 4
          }
        }
      },
      "/Users/home/code/mcp/savant/lib/savant/indexer/chunker/base.rb": {
        "lines": [
          null,
          null,
          null,
          null,
          null,
          null,
          null,
          null,
          null,
          1,
          1,
          1,
          null,
          null,
          null,
          1,
          1,
          0,
          null,
          null,
          null,
          null,
          null
        ],
        "branches": {}
      },
      "/Users/home/code/mcp/savant/lib/savant/indexer/chunker/code_chunker.rb": {
        "lines": [
          null,
          null,
          null,
          null,
          null,
          null,
          null,
          null,
          null,
          1,
          1,
          1,
          null,
          null,
          null,
          1,
          1,
          2,
          2,
          2,
          2,
          2,
          2,
          2,
          2,
          2,
          2,
          null,
          0,
          0,
          null,
          2,
          null,
          null,
          null,
          null,
          null
        ],
        "branches": {
          "[:while, 0, 24, 10, 31, 13]": {
            "[:body, 1, 25, 12, 30, 40]": 2
          },
          "[:if, 2, 27, 12, 27, 38]": {
            "[:then, 3, 27, 12, 27, 17]": 2,
            "[:else, 4, 27, 12, 27, 38]": 0
          },
          "[:if, 5, 30, 16, 30, 40]": {
            "[:then, 6, 30, 30, 30, 31]": 0,
            "[:else, 7, 30, 34, 30, 40]": 0
          }
        }
      },
      "/Users/home/code/mcp/savant/lib/savant/indexer/chunker/markdown_chunker.rb": {
        "lines": [
          null,
          null,
          null,
          null,
          null,
          null,
          null,
          null,
          null,
          1,
          1,
          1,
          null,
          null,
          null,
          1,
          1,
          1,
          1,
          1,
          1,
          1,
          1,
          1,
          1,
          null,
          1,
          null,
          null,
          null,
          null,
          null
        ],
        "branches": {
          "[:while, 0, 22, 10, 26, 13]": {
            "[:body, 1, 23, 12, 25, 17]": 1
          }
        }
      },
      "/Users/home/code/mcp/savant/lib/savant/indexer/chunker/plaintext_chunker.rb": {
        "lines": [
          null,
          null,
          null,
          null,
          null,
          null,
          null,
          null,
          1,
          1,
          1,
          null,
          null,
          null,
          1,
          1,
          null,
          0,
          null,
          null,
          null,
          null,
          null
        ],
        "branches": {}
      },
      "/Users/home/code/mcp/savant/lib/savant/indexer/blob_store.rb": {
        "lines": [
          null,
          null,
          null,
          null,
          null,
          null,
          null,
          null,
          null,
          null,
          1,
          1,
          null,
          null,
          null,
          null,
          1,
          1,
          4,
          null,
          null,
          1,
          4,
          null,
          null,
          1,
          3,
          null,
          null,
          1,
          3,
          null,
          null,
          1,
          3,
          null,
          null,
          1,
          3,
          null,
          null,
          1,
          4,
          null,
          null,
          null,
          null,
          null,
          1,
          4,
          4,
          null,
          0,
          null,
          null,
          null,
          null,
          null
        ],
        "branches": {
          "[:if, 0, 50, 8, 54, 11]": {
            "[:then, 1, 51, 10, 51, 36]": 4,
            "[:else, 2, 53, 10, 53, 15]": 0
          }
        }
      },
      "/Users/home/code/mcp/savant/lib/savant/indexer/runner.rb": {
        "lines": [
          null,
          null,
          null,
          null,
          null,
          null,
          null,
          null,
          null,
          null,
          1,
          null,
          1,
          1,
          null,
          null,
          null,
          null,
          1,
          1,
          4,
          4,
          4,
          4,
          null,
          null,
          null,
          null,
          null,
          null,
          1,
          4,
          4,
          4,
          4,
          null,
          4,
          4,
          4,
          4,
          4,
          4,
          4,
          4,
          4,
          4,
          4,
          4,
          null,
          4,
          4,
          5,
          5,
          null,
          5,
          5,
          0,
          0,
          0,
          null,
          0,
          null,
          null,
          5,
          5,
          5,
          1,
          1,
          1,
          null,
          null,
          null,
          4,
          4,
          4,
          1,
          1,
          1,
          null,
          null,
          null,
          3,
          0,
          0,
          0,
          null,
          null,
          null,
          3,
          3,
          6,
          3,
          3,
          3,
          null,
          3,
          3,
          3,
          3,
          3,
          3,
          0,
          null,
          null,
          0,
          0,
          0,
          null,
          null,
          null,
          null,
          4,
          null,
          0,
          0,
          null,
          null,
          null,
          null,
          4,
          5,
          2,
          null,
          4,
          null,
          null,
          4,
          4,
          4,
          null,
          null,
          1,
          null,
          1,
          4,
          8,
          null,
          0,
          null,
          null,
          null,
          1,
          5,
          null,
          null,
          1,
          5,
          5,
          null,
          null,
          1,
          5,
          null,
          null,
          1,
          5,
          null,
          null,
          1,
          3,
          3,
          3,
          null,
          null,
          null,
          1,
          3,
          3,
          null,
          1,
          null,
          0,
          null,
          2,
          null,
          null,
          null,
          null,
          null
        ],
        "branches": {
          "[:if, 0, 44, 18, 44, 60]": {
            "[:then, 1, 44, 46, 44, 53]": 1,
            "[:else, 2, 44, 56, 44, 60]": 3
          },
          "[:if, 3, 106, 16, 106, 112]": {
            "[:then, 4, 106, 16, 106, 101]": 0,
            "[:else, 5, 106, 16, 106, 112]": 0
          },
          "[:if, 6, 58, 18, 60, 21]": {
            "[:then, 7, 59, 20, 59, 113]": 0,
            "[:else, 8, 58, 18, 60, 21]": 0
          },
          "[:if, 9, 56, 16, 62, 19]": {
            "[:then, 10, 57, 18, 61, 22]": 0,
            "[:else, 11, 56, 16, 62, 19]": 5
          },
          "[:if, 12, 68, 18, 68, 77]": {
            "[:then, 13, 68, 18, 68, 66]": 0,
            "[:else, 14, 68, 18, 68, 77]": 1
          },
          "[:if, 15, 66, 16, 70, 19]": {
            "[:then, 16, 67, 18, 69, 22]": 1,
            "[:else, 17, 66, 16, 70, 19]": 4
          },
          "[:if, 18, 77, 18, 77, 97]": {
            "[:then, 19, 77, 18, 77, 86]": 0,
            "[:else, 20, 77, 18, 77, 97]": 1
          },
          "[:if, 21, 75, 16, 79, 19]": {
            "[:then, 22, 76, 18, 78, 22]": 1,
            "[:else, 23, 75, 16, 79, 19]": 3
          },
          "[:if, 24, 84, 18, 84, 74]": {
            "[:then, 25, 84, 18, 84, 63]": 0,
            "[:else, 26, 84, 18, 84, 74]": 0
          },
          "[:if, 27, 82, 16, 86, 19]": {
            "[:then, 28, 83, 18, 85, 22]": 0,
            "[:else, 29, 82, 16, 86, 19]": 3
          },
          "[:if, 30, 100, 22, 100, 98]": {
            "[:then, 31, 100, 47, 100, 92]": 3,
            "[:else, 32, 100, 95, 100, 98]": 0
          },
          "[:if, 33, 101, 16, 103, 19]": {
            "[:then, 34, 102, 18, 102, 118]": 0,
            "[:else, 35, 101, 16, 103, 19]": 3
          },
          "[:if, 36, 114, 14, 116, 17]": {
            "[:then, 37, 115, 16, 115, 118]": 0,
            "[:else, 38, 114, 14, 116, 17]": 0
          },
          "[:if, 39, 120, 10, 123, 13]": {
            "[:then, 40, 121, 12, 122, 47]": 2,
            "[:else, 41, 120, 10, 123, 13]": 2
          },
          "[:if, 42, 128, 8, 128, 95]": {
            "[:then, 43, 128, 8, 128, 84]": 0,
            "[:else, 44, 128, 8, 128, 95]": 4
          },
          "[:if, 45, 135, 8, 139, 11]": {
            "[:then, 46, 136, 10, 136, 56]": 4,
            "[:else, 47, 138, 10, 138, 23]": 0
          },
          "[:case, 48, 168, 8, 175, 11]": {
            "[:when, 49, 170, 10, 170, 53]": 1,
            "[:when, 50, 172, 10, 172, 54]": 0,
            "[:else, 51, 174, 10, 174, 49]": 2
          }
        }
      },
      "/Users/home/code/mcp/savant/lib/savant/indexer/admin.rb": {
        "lines": [
          null,
          null,
          null,
          null,
          null,
          null,
          null,
          null,
          null,
          1,
          1,
          null,
          null,
          null,
          null,
          1,
          1,
          0,
          null,
          null,
          1,
          0,
          0,
          null,
          null,
          null,
          null,
          null,
          null,
          null,
          null,
          null,
          null,
          null,
          null,
          null,
          null,
          null,
          1,
          0,
          0,
          0,
          0,
          0,
          0,
          0,
          0,
          0,
          0,
          0,
          0,
          0,
          0,
          0,
          0,
          0,
          null,
          0,
          null,
          null,
          null,
          null
        ],
        "branches": {
          "[:if, 0, 49, 20, 49, 85]": {
            "[:then, 1, 49, 29, 49, 79]": 0,
            "[:else, 2, 49, 82, 49, 85]": 0
          }
        }
      },
      "/Users/home/code/mcp/savant/lib/savant/indexer/cli.rb": {
        "lines": [
          null,
          null,
          null,
          null,
          null,
          null,
          null,
          null,
          null,
          1,
          1,
          null,
          null,
          null,
          1,
          1,
          0,
          0,
          null,
          0,
          0,
          0,
          null,
          null,
          0,
          0,
          null,
          0,
          null,
          0,
          0,
          0,
          0,
          0,
          0,
          0,
          null,
          0,
          0,
          0,
          null,
          0,
          null,
          0,
          null,
          null,
          0,
          0,
          0,
          0,
          0,
          null,
          0,
          null,
          0,
          null,
          0,
          null,
          0,
          0,
          0,
          0,
          null,
          0,
          0,
          0,
          null,
          0,
          0,
          null,
          0,
          0,
          null,
          null,
          null,
          null
        ],
        "branches": {
          "[:if, 0, 20, 8, 23, 11]": {
            "[:then, 1, 21, 10, 22, 16]": 0,
            "[:else, 2, 20, 8, 23, 11]": 0
          },
          "[:if, 3, 28, 18, 28, 59]": {
            "[:then, 4, 28, 46, 28, 53]": 0,
            "[:else, 5, 28, 56, 28, 59]": 0
          },
          "[:if, 6, 25, 15, 29, 18]": {
            "[:then, 7, 26, 17, 26, 20]": 0,
            "[:else, 8, 28, 18, 28, 59]": 0
          },
          "[:if, 9, 33, 10, 41, 13]": {
            "[:then, 10, 34, 12, 36, 54]": 0,
            "[:else, 11, 38, 12, 40, 54]": 0
          },
          "[:if, 12, 44, 17, 44, 46]": {
            "[:then, 13, 44, 24, 44, 38]": 0,
            "[:else, 14, 44, 41, 44, 46]": 0
          },
          "[:if, 15, 49, 19, 54, 22]": {
            "[:then, 16, 50, 21, 51, 47]": 0,
            "[:else, 17, 53, 21, 53, 35]": 0
          },
          "[:if, 18, 31, 8, 63, 11]": {
            "[:then, 19, 32, 10, 42, 27]": 0,
            "[:else, 20, 44, 10, 62, 26]": 0
          }
        }
      },
      "/Users/home/code/mcp/savant/lib/savant/jira/engine.rb": {
        "lines": [
          null,
          null,
          null,
          null,
          null,
          null,
          null,
          null,
          null,
          null,
          1,
          1,
          1,
          null,
          1,
          1,
          null,
          null,
          null,
          null,
          null,
          null,
          null,
          null,
          1,
          1,
          null,
          null,
          1,
          7,
          6,
          6,
          6,
          6,
          6,
          6,
          null,
          null,
          null,
          null,
          null,
          null,
          6,
          null,
          null,
          null,
          null,
          null,
          null,
          null,
          1,
          1,
          null,
          null,
          null,
          null,
          1,
          1,
          null,
          null,
          null,
          null,
          1,
          0,
          null,
          null,
          null,
          1,
          3,
          null,
          null,
          null,
          1,
          0,
          null,
          null,
          null,
          1,
          0,
          null,
          null,
          null,
          1,
          0,
          null,
          null,
          null,
          1,
          0,
          null,
          null,
          null,
          1,
          0,
          null,
          null,
          null,
          1,
          0,
          null,
          null,
          null,
          1,
          1,
          null,
          null,
          null,
          1,
          0,
          null,
          null,
          null,
          1,
          0,
          null,
          null,
          null,
          1,
          0,
          null,
          null,
          null,
          1,
          0,
          null,
          null,
          null,
          1,
          0,
          null,
          null,
          null,
          1,
          0,
          null,
          null,
          null,
          1,
          0,
          null,
          null,
          1,
          null,
          null,
          null,
          null,
          null,
          null,
          1,
          7,
          7,
          null,
          6,
          null,
          null,
          null,
          null,
          1,
          2,
          null,
          1,
          null,
          null,
          1,
          null,
          null,
          null,
          null,
          null,
          1,
          0,
          null,
          null,
          null,
          null,
          null,
          null,
          null,
          null
        ],
        "branches": {
          "[:if, 0, 151, 8, 151, 57]": {
            "[:then, 1, 151, 8, 151, 34]": 1,
            "[:else, 2, 151, 8, 151, 57]": 6
          },
          "[:unless, 3, 159, 8, 159, 80]": {
            "[:else, 4, 159, 8, 159, 80]": 1,
            "[:then, 5, 159, 8, 159, 59]": 1
          }
        }
      },
      "/Users/home/code/mcp/savant/lib/savant/jira/client.rb": {
        "lines": [
          null,
          null,
          null,
          null,
          null,
          null,
          null,
          null,
          null,
          null,
          1,
          1,
          1,
          1,
          1,
          null,
          1,
          1,
          null,
          null,
          null,
          1,
          1,
          0,
          0,
          0,
          0,
          0,
          0,
          null,
          null,
          1,
          null,
          1,
          0,
          null,
          null,
          1,
          0,
          null,
          null,
          1,
          0,
          null,
          null,
          1,
          0,
          null,
          null,
          1,
          0,
          0,
          0,
          0,
          0,
          0,
          0,
          0,
          0,
          0,
          0,
          0,
          0,
          0,
          null,
          0,
          null,
          null,
          1,
          0,
          0,
          0,
          0,
          0,
          0,
          0,
          0,
          0,
          null,
          0,
          null,
          null,
          1,
          null,
          1,
          0,
          null,
          null,
          1,
          0,
          0,
          0,
          0,
          0,
          0,
          null,
          0,
          null,
          null,
          null,
          1,
          0,
          0,
          0,
          0,
          null,
          0,
          0,
          0,
          0,
          0,
          0,
          0,
          0,
          0,
          0,
          0,
          0,
          null,
          0,
          null,
          null,
          null,
          null
        ],
        "branches": {
          "[:\"&.\", 0, 63, 57, 63, 75]": {
            "[:then, 1, 63, 57, 63, 75]": 0,
            "[:else, 2, 63, 57, 63, 75]": 0
          },
          "[:unless, 3, 62, 8, 65, 11]": {
            "[:else, 4, 62, 8, 65, 11]": 0,
            "[:then, 5, 63, 10, 64, 65]": 0
          },
          "[:\"&.\", 6, 77, 57, 77, 75]": {
            "[:then, 7, 77, 57, 77, 75]": 0,
            "[:else, 8, 77, 57, 77, 75]": 0
          },
          "[:unless, 9, 76, 8, 79, 11]": {
            "[:else, 10, 76, 8, 79, 11]": 0,
            "[:then, 11, 77, 10, 78, 65]": 0
          },
          "[:if, 12, 86, 33, 86, 65]": {
            "[:then, 13, 86, 57, 86, 59]": 0,
            "[:else, 14, 86, 62, 86, 65]": 0
          },
          "[:if, 15, 93, 8, 97, 42]": {
            "[:then, 16, 94, 10, 95, 49]": 0,
            "[:else, 17, 97, 10, 97, 42]": 0
          },
          "[:if, 18, 90, 8, 98, 11]": {
            "[:then, 19, 91, 10, 92, 49]": 0,
            "[:else, 20, 93, 8, 97, 42]": 0
          },
          "[:unless, 21, 103, 8, 106, 11]": {
            "[:else, 22, 103, 8, 106, 11]": 0,
            "[:then, 23, 104, 10, 105, 40]": 0
          },
          "[:if, 24, 112, 8, 112, 56]": {
            "[:then, 25, 112, 8, 112, 48]": 0,
            "[:else, 26, 112, 8, 112, 56]": 0
          },
          "[:if, 27, 114, 8, 114, 31]": {
            "[:then, 28, 114, 8, 114, 23]": 0,
            "[:else, 29, 114, 8, 114, 31]": 0
          },
          "[:\"&.\", 30, 117, 57, 117, 75]": {
            "[:then, 31, 117, 57, 117, 75]": 0,
            "[:else, 32, 117, 57, 117, 75]": 0
          },
          "[:unless, 33, 116, 8, 119, 11]": {
            "[:else, 34, 116, 8, 119, 11]": 0,
            "[:then, 35, 117, 10, 118, 65]": 0
          },
          "[:if, 36, 120, 8, 120, 64]": {
            "[:then, 37, 120, 39, 120, 59]": 0,
            "[:else, 38, 120, 62, 120, 64]": 0
          }
        }
      },
      "/Users/home/code/mcp/savant/lib/savant/jira/ops.rb": {
        "lines": [
          null,
          null,
          null,
          null,
          null,
          null,
          null,
          null,
          null,
          null,
          1,
          null,
          1,
          1,
          null,
          null,
          null,
          1,
          1,
          0,
          null,
          null,
          1,
          0,
          0,
          0,
          0,
          0,
          null,
          null,
          null,
          null,
          1,
          0,
          0,
          0,
          null,
          null,
          1,
          0,
          null,
          0,
          null,
          0,
          0,
          null,
          null,
          1,
          0,
          0,
          null,
          null,
          1,
          0,
          0,
          null,
          null,
          1,
          0,
          0,
          0,
          null,
          0,
          null,
          0,
          0,
          null,
          null,
          1,
          0,
          0,
          null,
          null,
          1,
          0,
          0,
          null,
          null,
          1,
          0,
          0,
          0,
          null,
          null,
          1,
          0,
          null,
          null,
          0,
          null,
          null,
          1,
          0,
          0,
          0,
          0,
          0,
          0,
          0,
          0,
          0,
          null,
          0,
          null,
          null,
          1,
          0,
          0,
          0,
          0,
          0,
          0,
          null,
          null,
          1,
          0,
          0,
          null,
          null,
          0,
          null,
          null,
          0,
          0,
          null,
          null,
          1,
          0,
          0,
          null,
          null,
          1,
          0,
          null,
          null,
          1,
          0,
          0,
          null,
          0,
          null,
          null,
          null,
          null,
          null
        ],
        "branches": {
          "[:if, 0, 35, 8, 35, 77]": {
            "[:then, 1, 35, 8, 35, 49]": 0,
            "[:else, 2, 35, 8, 35, 77]": 0
          },
          "[:if, 3, 42, 10, 42, 55]": {
            "[:then, 4, 42, 10, 42, 40]": 0,
            "[:else, 5, 42, 10, 42, 55]": 0
          },
          "[:unless, 6, 61, 10, 61, 51]": {
            "[:else, 7, 61, 10, 61, 51]": 0,
            "[:then, 8, 61, 10, 61, 38]": 0
          },
          "[:if, 9, 59, 8, 64, 11]": {
            "[:then, 10, 60, 10, 63, 36]": 0,
            "[:else, 11, 59, 8, 64, 11]": 0
          },
          "[:if, 12, 80, 15, 80, 68]": {
            "[:then, 13, 80, 27, 80, 51]": 0,
            "[:else, 14, 80, 54, 80, 68]": 0
          },
          "[:if, 15, 120, 12, 120, 67]": {
            "[:then, 16, 120, 12, 120, 47]": 0,
            "[:else, 17, 120, 12, 120, 67]": 0
          },
          "[:if, 18, 137, 8, 141, 11]": {
            "[:then, 19, 138, 10, 138, 62]": 0,
            "[:else, 20, 140, 10, 140, 38]": 0
          }
        }
      },
      "/Users/home/code/mcp/savant/lib/savant/mcp/core/registrar.rb": {
        "lines": [
          null,
          null,
          null,
          1,
          1,
          null,
          1,
          1,
          1,
          null,
          null,
          null,
          1,
          1,
          3,
          3,
          null,
          null,
          1,
          1,
          null,
          null,
          1,
          2,
          null,
          2,
          null,
          null,
          1,
          1,
          null,
          null,
          1,
          3,
          3,
          null,
          null,
          2,
          2,
          2,
          null,
          null,
          null,
          null,
          null,
          null
        ],
        "branches": {
          "[:if, 0, 24, 10, 24, 67]": {
            "[:then, 1, 24, 10, 24, 36]": 0,
            "[:else, 2, 24, 10, 24, 67]": 2
          },
          "[:unless, 3, 35, 10, 35, 42]": {
            "[:else, 4, 35, 10, 35, 42]": 2,
            "[:then, 5, 35, 10, 35, 30]": 1
          }
        }
      },
      "/Users/home/code/mcp/savant/lib/savant/mcp/core/tool.rb": {
        "lines": [
          null,
          null,
          null,
          1,
          1,
          1,
          null,
          null,
          null,
          1,
          1,
          null,
          1,
          2,
          2,
          2,
          2,
          null,
          null,
          1,
          1,
          null,
          null,
          null,
          null,
          null
        ],
        "branches": {}
      },
      "/Users/home/code/mcp/savant/lib/savant/mcp/core/middleware.rb": {
        "lines": [
          null,
          null,
          null,
          1,
          1,
          1,
          null,
          null,
          null,
          1,
          1,
          3,
          null,
          null,
          null,
          1,
          1,
          null,
          null,
          1,
          2,
          2,
          null,
          2,
          null,
          null,
          null,
          null,
          null
        ],
        "branches": {
          "[:if, 0, 17, 10, 17, 36]": {
            "[:then, 1, 17, 10, 17, 29]": 1,
            "[:else, 2, 17, 10, 17, 36]": 0
          }
        }
      },
      "/Users/home/code/mcp/savant/lib/savant/mcp/core/dsl.rb": {
        "lines": [
          null,
          null,
          null,
          1,
          1,
          null,
          1,
          1,
          1,
          null,
          1,
          null,
          null,
          null,
          1,
          1,
          2,
          null,
          null,
          1,
          1,
          null,
          null,
          1,
          2,
          null,
          2,
          2,
          2,
          null,
          null,
          1,
          null,
          null,
          1,
          null,
          1,
          2,
          2,
          2,
          null,
          null,
          null,
          null,
          null
        ],
        "branches": {
          "[:unless, 0, 25, 12, 25, 57]": {
            "[:else, 1, 25, 12, 25, 57]": 2,
            "[:then, 2, 25, 12, 25, 42]": 0
          },
          "[:if, 3, 39, 10, 39, 38]": {
            "[:then, 4, 39, 10, 39, 31]": 2,
            "[:else, 5, 39, 10, 39, 38]": 0
          }
        }
      },
      "/Users/home/code/mcp/savant/lib/savant/mcp/core/validation.rb": {
        "lines": [
          null,
          null,
          null,
          1,
          1,
          1,
          null,
          null,
          null,
          1,
          null,
          null,
          1,
          1,
          null,
          1,
          5,
          5,
          null,
          5,
          5,
          5,
          null,
          null,
          5,
          1,
          null,
          null,
          5,
          5,
          6,
          null,
          6,
          6,
          null,
          4,
          null,
          null,
          1,
          9,
          9,
          null,
          6,
          2,
          2,
          0,
          1,
          0,
          1,
          0,
          null,
          null,
          null,
          1,
          9,
          3,
          null,
          0,
          0,
          null,
          0,
          null,
          0,
          null,
          null,
          1,
          2,
          2,
          0,
          null,
          0,
          null,
          null,
          1,
          2,
          null,
          1,
          null,
          null,
          1,
          0,
          0,
          null,
          0,
          null,
          null,
          1,
          1,
          1,
          null,
          0,
          null,
          null,
          1,
          0,
          null,
          0,
          null,
          null,
          1,
          6,
          6,
          1,
          3,
          0,
          0,
          null,
          2,
          0,
          0,
          null,
          null,
          null,
          1,
          154,
          null,
          182,
          null,
          38,
          null,
          63,
          null,
          null,
          null,
          null,
          null,
          null
        ],
        "branches": {
          "[:unless, 0, 18, 10, 18, 93]": {
            "[:else, 1, 18, 10, 18, 93]": 5,
            "[:then, 2, 18, 10, 18, 69]": 0
          },
          "[:unless, 3, 26, 12, 26, 96]": {
            "[:else, 4, 26, 12, 26, 96]": 1,
            "[:then, 5, 26, 12, 26, 59]": 0
          },
          "[:unless, 6, 31, 12, 31, 47]": {
            "[:else, 7, 31, 12, 31, 47]": 6,
            "[:then, 8, 31, 12, 31, 16]": 0
          },
          "[:if, 9, 41, 10, 41, 65]": {
            "[:then, 10, 41, 10, 41, 49]": 3,
            "[:else, 11, 41, 10, 41, 65]": 6
          },
          "[:case, 12, 43, 10, 51, 13]": {
            "[:when, 13, 44, 30, 44, 48]": 2,
            "[:when, 14, 45, 30, 45, 49]": 2,
            "[:when, 15, 46, 30, 46, 49]": 0,
            "[:when, 16, 47, 30, 47, 53]": 1,
            "[:when, 17, 48, 30, 48, 48]": 0,
            "[:when, 18, 49, 32, 49, 35]": 1,
            "[:else, 19, 50, 15, 50, 18]": 0
          },
          "[:if, 20, 56, 10, 56, 58]": {
            "[:then, 21, 56, 10, 56, 45]": 3,
            "[:else, 22, 56, 10, 56, 58]": 0
          },
          "[:if, 23, 67, 10, 67, 31]": {
            "[:then, 24, 67, 10, 67, 19]": 0,
            "[:else, 25, 67, 10, 67, 31]": 2
          },
          "[:if, 26, 68, 10, 68, 41]": {
            "[:then, 27, 68, 10, 68, 20]": 2,
            "[:else, 28, 68, 10, 68, 41]": 0
          },
          "[:if, 29, 69, 10, 69, 47]": {
            "[:then, 30, 69, 10, 69, 25]": 0,
            "[:else, 31, 69, 10, 69, 47]": 0
          },
          "[:if, 32, 81, 10, 81, 85]": {
            "[:then, 33, 81, 10, 81, 21]": 0,
            "[:else, 34, 81, 10, 81, 85]": 0
          },
          "[:if, 35, 82, 10, 82, 88]": {
            "[:then, 36, 82, 10, 82, 22]": 0,
            "[:else, 37, 82, 10, 82, 88]": 0
          },
          "[:unless, 38, 88, 10, 88, 73]": {
            "[:else, 39, 88, 10, 88, 73]": 1,
            "[:then, 40, 88, 10, 88, 49]": 0
          },
          "[:\"&.\", 41, 89, 36, 89, 59]": {
            "[:then, 42, 89, 36, 89, 59]": 1,
            "[:else, 43, 89, 36, 89, 59]": 0
          },
          "[:if, 44, 89, 10, 89, 71]": {
            "[:then, 45, 89, 10, 89, 32]": 1,
            "[:else, 46, 89, 10, 89, 71]": 0
          },
          "[:unless, 47, 95, 10, 95, 73]": {
            "[:else, 48, 95, 10, 95, 73]": 0,
            "[:then, 49, 95, 10, 95, 50]": 0
          },
          "[:case, 50, 102, 10, 111, 13]": {
            "[:when, 51, 103, 29, 103, 37]": 1,
            "[:when, 52, 104, 29, 104, 68]": 3,
            "[:when, 53, 105, 30, 105, 89]": 0,
            "[:when, 54, 106, 30, 107, 120]": 0,
            "[:when, 55, 108, 29, 108, 45]": 2,
            "[:when, 56, 109, 29, 109, 44]": 0,
            "[:else, 57, 110, 15, 110, 19]": 0
          },
          "[:case, 58, 115, 10, 122, 13]": {
            "[:when, 59, 117, 12, 117, 84]": 81,
            "[:when, 60, 119, 12, 119, 45]": 10,
            "[:else, 61, 121, 12, 121, 15]": 63
          }
        }
      }
    },
    "timestamp": 1761007939
  }
}
