{
  "RSpec": {
    "coverage": {
      "/Users/home/code/mcp/savant/lib/savant/generator.rb": {
        "lines": [
          null,
          null,
          1,
          null,
          1,
          null,
          1,
          1,
          3,
          3,
          null,
          null,
          null,
          null,
          1,
          4,
          4,
          4,
          4,
          4,
          4,
          null,
          4,
          4,
          null,
          4,
          3,
          3,
          null,
          3,
          3,
          null,
          null,
          1,
          null,
          1,
          8,
          null,
          null,
          1,
          10,
          1,
          null,
          9,
          null,
          null,
          1,
          8,
          null,
          null,
          1,
          4,
          4,
          null,
          null,
          null,
          null,
          null,
          null,
          null,
          null,
          null,
          null,
          null,
          null,
          null,
          null,
          null,
          null,
          null,
          null,
          null,
          null,
          1,
          3,
          null,
          null,
          null,
          null,
          null,
          null,
          null,
          null,
          null,
          null,
          null,
          null,
          null,
          null,
          null,
          null,
          null,
          null,
          null,
          null,
          null,
          null,
          null,
          null,
          1,
          3,
          null,
          null,
          null,
          null,
          null,
          null,
          null,
          null,
          null,
          null,
          null,
          null,
          null,
          null,
          null,
          null,
          null,
          null,
          null,
          null
        ],
        "branches": {
          "[:if, 0, 41, 6, 43, 9]": {
            "[:then, 1, 42, 8, 42, 63]": 1,
            "[:else, 2, 41, 6, 43, 9]": 9
          },
          "[:if, 3, 48, 40, 48, 76]": {
            "[:then, 4, 48, 51, 48, 53]": 0,
            "[:else, 5, 48, 56, 48, 76]": 4
          },
          "[:if, 6, 52, 16, 52, 67]": {
            "[:then, 7, 52, 26, 52, 60]": 1,
            "[:else, 8, 52, 63, 52, 67]": 3
          }
        }
      },
      "/Users/home/code/mcp/savant/lib/savant/indexer/repository_scanner.rb": {
        "lines": [
          null,
          null,
          null,
          null,
          null,
          null,
          null,
          null,
          1,
          1,
          null,
          1,
          1,
          null,
          null,
          null,
          null,
          1,
          1,
          null,
          1,
          1,
          1,
          1,
          1,
          1,
          1,
          null,
          null,
          1,
          1,
          1,
          1,
          1,
          1,
          1,
          null,
          null,
          null,
          0,
          0,
          null,
          0,
          0,
          0,
          null,
          0,
          0,
          null,
          0,
          null,
          null,
          0,
          0,
          0,
          null,
          null,
          null,
          0,
          null,
          0,
          null,
          null,
          1,
          null,
          1,
          0,
          null,
          null,
          1,
          null,
          0,
          null,
          null,
          1,
          3,
          5,
          null,
          null,
          null,
          1,
          1,
          1,
          1,
          null,
          null,
          1,
          null,
          null,
          1,
          null,
          1,
          1,
          1,
          4,
          2,
          null,
          null,
          0,
          null,
          null,
          1,
          1,
          2,
          2,
          2,
          2,
          2,
          null,
          null,
          null,
          1,
          1,
          1,
          2,
          2,
          null,
          2,
          2,
          2,
          0,
          null,
          0,
          null,
          null,
          null,
          1,
          1,
          null,
          null,
          1,
          1,
          1,
          2,
          0,
          0,
          0,
          0,
          0,
          null,
          null,
          1,
          null,
          null,
          null,
          null
        ],
        "branches": {
          "[:unless, 0, 31, 8, 31, 42]": {
            "[:else, 1, 31, 8, 31, 42]": 1,
            "[:then, 2, 31, 8, 31, 17]": 0
          },
          "[:unless, 3, 34, 10, 37, 13]": {
            "[:else, 4, 34, 10, 37, 13]": 0,
            "[:then, 5, 35, 12, 36, 23]": 1
          },
          "[:if, 6, 32, 8, 39, 11]": {
            "[:then, 7, 33, 10, 37, 13]": 1,
            "[:else, 8, 32, 8, 39, 11]": 0
          },
          "[:if, 9, 47, 14, 51, 17]": {
            "[:then, 10, 48, 16, 48, 26]": 0,
            "[:else, 11, 50, 16, 50, 20]": 0
          },
          "[:if, 12, 53, 14, 53, 32]": {
            "[:then, 13, 53, 14, 53, 18]": 0,
            "[:else, 14, 53, 14, 53, 32]": 0
          },
          "[:if, 15, 54, 14, 54, 35]": {
            "[:then, 16, 54, 14, 54, 18]": 0,
            "[:else, 17, 54, 14, 54, 35]": 0
          },
          "[:if, 18, 45, 12, 56, 15]": {
            "[:then, 19, 47, 14, 51, 17]": 0,
            "[:else, 20, 53, 14, 55, 32]": 0
          },
          "[:if, 21, 82, 8, 82, 43]": {
            "[:then, 22, 82, 8, 82, 20]": 0,
            "[:else, 23, 82, 8, 82, 43]": 1
          },
          "[:unless, 24, 83, 8, 83, 64]": {
            "[:else, 25, 83, 8, 83, 64]": 1,
            "[:then, 26, 83, 8, 83, 20]": 0
          },
          "[:unless, 27, 93, 8, 93, 41]": {
            "[:else, 28, 93, 8, 93, 41]": 1,
            "[:then, 29, 93, 8, 93, 18]": 0
          },
          "[:unless, 30, 95, 8, 95, 81]": {
            "[:else, 31, 95, 8, 95, 81]": 0,
            "[:then, 32, 95, 8, 95, 50]": 1
          },
          "[:if, 33, 105, 10, 105, 70]": {
            "[:then, 34, 105, 10, 105, 14]": 0,
            "[:else, 35, 105, 10, 105, 70]": 2
          },
          "[:unless, 36, 106, 10, 106, 46]": {
            "[:else, 37, 106, 10, 106, 46]": 2,
            "[:then, 38, 106, 10, 106, 23]": 0
          },
          "[:if, 39, 107, 10, 107, 42]": {
            "[:then, 40, 107, 10, 107, 22]": 0,
            "[:else, 41, 107, 10, 107, 42]": 2
          },
          "[:if, 42, 116, 10, 116, 70]": {
            "[:then, 43, 116, 10, 116, 14]": 0,
            "[:else, 44, 116, 10, 116, 70]": 2
          },
          "[:unless, 45, 120, 12, 120, 75]": {
            "[:else, 46, 120, 12, 120, 75]": 0,
            "[:then, 47, 120, 12, 120, 43]": 2
          },
          "[:if, 48, 121, 10, 123, 22]": {
            "[:then, 49, 123, 12, 123, 22]": 0,
            "[:else, 50, 121, 10, 123, 22]": 0
          },
          "[:if, 51, 118, 10, 124, 13]": {
            "[:then, 52, 119, 12, 120, 75]": 2,
            "[:else, 53, 121, 10, 123, 22]": 0
          },
          "[:unless, 54, 134, 10, 134, 38]": {
            "[:else, 55, 134, 10, 134, 38]": 0,
            "[:then, 56, 134, 10, 134, 14]": 2
          },
          "[:if, 57, 137, 12, 137, 56]": {
            "[:then, 58, 137, 12, 137, 16]": 0,
            "[:else, 59, 137, 12, 137, 56]": 0
          },
          "[:if, 60, 138, 12, 138, 41]": {
            "[:then, 61, 138, 12, 138, 16]": 0,
            "[:else, 62, 138, 12, 138, 41]": 0
          }
        }
      },
      "/Users/home/code/mcp/savant/lib/savant/indexer.rb": {
        "lines": [
          null,
          null,
          null,
          null,
          null,
          null,
          null,
          null,
          1,
          1,
          1,
          1,
          1,
          null,
          1,
          1,
          null,
          null,
          null,
          null,
          1,
          1,
          0,
          0,
          0,
          null,
          null,
          1,
          0,
          0,
          0,
          null,
          null,
          null,
          null,
          null,
          0,
          null,
          null,
          null,
          null,
          1,
          1,
          1,
          1,
          1,
          1,
          1,
          1,
          1,
          1,
          1,
          1,
          1,
          null,
          null,
          1,
          null
        ],
        "branches": {}
      },
      "/Users/home/code/mcp/savant/lib/savant/config.rb": {
        "lines": [
          null,
          null,
          null,
          null,
          null,
          null,
          null,
          null,
          null,
          1,
          null,
          1,
          null,
          null,
          null,
          null,
          1,
          null,
          null,
          null,
          null,
          null,
          null,
          null,
          null,
          null,
          null,
          1,
          null,
          null,
          null,
          null,
          null,
          1,
          0,
          0,
          0,
          null,
          null,
          0,
          null,
          0,
          null,
          null,
          0,
          0,
          null,
          null,
          null,
          null,
          null,
          null,
          null,
          null,
          1,
          null,
          null,
          0,
          null,
          null,
          null,
          null,
          0,
          0,
          0,
          0,
          0,
          null,
          null,
          null,
          null,
          0,
          0,
          null,
          0,
          0,
          0,
          0,
          0,
          null,
          null,
          0,
          null,
          null,
          null
        ],
        "branches": {
          "[:if, 0, 35, 6, 35, 87]": {
            "[:then, 1, 35, 6, 35, 53]": 0,
            "[:else, 2, 35, 6, 35, 87]": 0
          },
          "[:unless, 3, 36, 6, 38, 9]": {
            "[:else, 4, 36, 6, 38, 9]": 0,
            "[:then, 5, 37, 8, 37, 61]": 0
          },
          "[:unless, 6, 64, 8, 64, 69]": {
            "[:else, 7, 64, 8, 64, 69]": 0,
            "[:then, 8, 64, 8, 64, 48]": 0
          },
          "[:unless, 9, 67, 12, 67, 109]": {
            "[:else, 10, 67, 12, 67, 109]": 0,
            "[:then, 11, 67, 12, 67, 59]": 0
          },
          "[:if, 12, 65, 8, 69, 11]": {
            "[:then, 13, 66, 10, 68, 13]": 0,
            "[:else, 14, 65, 8, 69, 11]": 0
          },
          "[:unless, 15, 72, 6, 74, 9]": {
            "[:else, 16, 72, 6, 74, 9]": 0,
            "[:then, 17, 73, 8, 73, 60]": 0
          },
          "[:unless, 18, 76, 8, 76, 98]": {
            "[:else, 19, 76, 8, 76, 98]": 0,
            "[:then, 20, 76, 8, 76, 46]": 0
          },
          "[:unless, 21, 77, 8, 77, 111]": {
            "[:else, 22, 77, 8, 77, 111]": 0,
            "[:then, 23, 77, 8, 77, 59]": 0
          },
          "[:if, 24, 78, 8, 80, 11]": {
            "[:then, 25, 79, 10, 79, 69]": 0,
            "[:else, 26, 78, 8, 80, 11]": 0
          }
        }
      },
      "/Users/home/code/mcp/savant/lib/savant/db.rb": {
        "lines": [
          null,
          null,
          null,
          null,
          null,
          null,
          null,
          null,
          null,
          1,
          null,
          1,
          null,
          null,
          null,
          null,
          null,
          null,
          null,
          1,
          null,
          1,
          0,
          0,
          null,
          null,
          null,
          null,
          null,
          1,
          0,
          null,
          0,
          0,
          0,
          0,
          0,
          null,
          null,
          null,
          1,
          0,
          null,
          null,
          null,
          null,
          1,
          null,
          0,
          0,
          0,
          0,
          0,
          null,
          0,
          null,
          null,
          null,
          null,
          null,
          null,
          null,
          0,
          null,
          null,
          null,
          null,
          null,
          null,
          null,
          null,
          null,
          null,
          0,
          0,
          null,
          0,
          null,
          null,
          null,
          null,
          null,
          null,
          null,
          0,
          null,
          null,
          null,
          null,
          null,
          null,
          null,
          0,
          null,
          null,
          null,
          null,
          null,
          null,
          null,
          null,
          0,
          0,
          null,
          null,
          null,
          null,
          1,
          0,
          null,
          null,
          0,
          null,
          null,
          null,
          null,
          null,
          null,
          1,
          0,
          0,
          0,
          0,
          null,
          null,
          null,
          null,
          null,
          null,
          1,
          0,
          0,
          0,
          null,
          0,
          null,
          null,
          null,
          null,
          1,
          0,
          0,
          0,
          0,
          null,
          null,
          null,
          null,
          1,
          0,
          0,
          null,
          null,
          null,
          null,
          null,
          null,
          null,
          0,
          null,
          null,
          null,
          null,
          1,
          0,
          0,
          null,
          null,
          null,
          null,
          null,
          0,
          null,
          null,
          null,
          null,
          null,
          null,
          1,
          0,
          0,
          null,
          null,
          0,
          0,
          0,
          null,
          0,
          null,
          null,
          null,
          null,
          1,
          0,
          0,
          0,
          0,
          0,
          null,
          null,
          null,
          null,
          1,
          0,
          0,
          0,
          0,
          0,
          0,
          null,
          null,
          null
        ],
        "branches": {
          "[:if, 0, 42, 6, 42, 26]": {
            "[:then, 1, 42, 6, 42, 17]": 0,
            "[:else, 2, 42, 6, 42, 26]": 0
          },
          "[:if, 3, 121, 6, 121, 49]": {
            "[:then, 4, 121, 6, 121, 30]": 0,
            "[:else, 5, 121, 6, 121, 49]": 0
          },
          "[:if, 6, 142, 6, 142, 49]": {
            "[:then, 7, 142, 6, 142, 30]": 0,
            "[:else, 8, 142, 6, 142, 49]": 0
          },
          "[:if, 9, 180, 6, 187, 9]": {
            "[:then, 10, 181, 8, 181, 74]": 0,
            "[:else, 11, 184, 8, 186, 53]": 0
          },
          "[:if, 12, 195, 6, 195, 35]": {
            "[:then, 13, 195, 6, 195, 14]": 0,
            "[:else, 14, 195, 6, 195, 35]": 0
          }
        }
      },
      "/Users/home/code/mcp/savant/lib/savant/logger.rb": {
        "lines": [
          null,
          null,
          null,
          null,
          null,
          null,
          null,
          null,
          1,
          null,
          null,
          null,
          null,
          null,
          1,
          1,
          null,
          null,
          null,
          1,
          0,
          0,
          0,
          0,
          null,
          null,
          1,
          0,
          null,
          null,
          1,
          0,
          null,
          null,
          1,
          0,
          null,
          null,
          1,
          0,
          null,
          null,
          1,
          0,
          null,
          null,
          null,
          null,
          null,
          1,
          0,
          0,
          0,
          0,
          0,
          0,
          0,
          0,
          null,
          null,
          1,
          null,
          1,
          0,
          0,
          null,
          null,
          1,
          0,
          null,
          null,
          null
        ],
        "branches": {
          "[:if, 0, 32, 6, 32, 50]": {
            "[:then, 1, 32, 6, 32, 23]": 0,
            "[:else, 2, 32, 6, 32, 50]": 0
          },
          "[:if, 3, 36, 6, 36, 48]": {
            "[:then, 4, 36, 6, 36, 22]": 0,
            "[:else, 5, 36, 6, 36, 48]": 0
          },
          "[:if, 6, 40, 6, 40, 48]": {
            "[:then, 7, 40, 6, 40, 22]": 0,
            "[:else, 8, 40, 6, 40, 48]": 0
          },
          "[:if, 9, 56, 6, 56, 71]": {
            "[:then, 10, 56, 6, 56, 63]": 0,
            "[:else, 11, 56, 6, 56, 71]": 0
          },
          "[:if, 12, 57, 6, 57, 54]": {
            "[:then, 13, 57, 6, 57, 45]": 0,
            "[:else, 14, 57, 6, 57, 54]": 0
          }
        }
      },
      "/Users/home/code/mcp/savant/lib/savant/indexer/config.rb": {
        "lines": [
          null,
          null,
          null,
          null,
          null,
          null,
          null,
          null,
          1,
          1,
          null,
          null,
          null,
          null,
          1,
          1,
          null,
          1,
          4,
          null,
          null,
          1,
          21,
          null,
          null,
          null,
          1,
          4,
          null,
          null,
          null,
          1,
          10,
          null,
          null,
          null,
          1,
          3,
          null,
          null,
          null,
          1,
          12,
          null,
          null,
          null,
          1,
          0,
          null,
          null,
          null,
          null,
          null,
          1,
          0,
          0,
          null,
          null,
          null,
          null,
          null,
          1,
          4,
          4,
          null,
          null,
          1,
          null,
          1,
          4,
          0,
          0,
          0,
          null,
          4,
          null,
          null,
          null,
          null,
          null
        ],
        "branches": {
          "[:\"&.\", 0, 55, 15, 55, 40]": {
            "[:then, 1, 55, 15, 55, 40]": 0,
            "[:else, 2, 55, 15, 55, 40]": 0
          },
          "[:\"&.\", 3, 55, 15, 55, 50]": {
            "[:then, 4, 55, 15, 55, 50]": 0,
            "[:else, 5, 55, 15, 55, 50]": 0
          },
          "[:\"&.\", 6, 63, 16, 63, 43]": {
            "[:then, 7, 63, 16, 63, 43]": 0,
            "[:else, 8, 63, 16, 63, 43]": 4
          },
          "[:\"&.\", 9, 63, 16, 63, 53]": {
            "[:then, 10, 63, 16, 63, 53]": 0,
            "[:else, 11, 63, 16, 63, 53]": 4
          },
          "[:case, 12, 70, 8, 76, 11]": {
            "[:when, 13, 71, 24, 71, 28]": 0,
            "[:when, 14, 72, 25, 72, 30]": 0,
            "[:when, 15, 73, 25, 73, 30]": 0,
            "[:else, 16, 75, 10, 75, 15]": 4
          }
        }
      },
      "/Users/home/code/mcp/savant/lib/savant/indexer/cache.rb": {
        "lines": [
          1,
          null,
          null,
          null,
          null,
          null,
          null,
          null,
          null,
          1,
          1,
          null,
          null,
          null,
          null,
          1,
          1,
          0,
          0,
          null,
          null,
          1,
          0,
          null,
          null,
          1,
          0,
          null,
          null,
          null,
          null,
          1,
          0,
          0,
          0,
          null,
          null,
          1,
          null,
          1,
          0,
          null,
          null,
          null,
          null
        ],
        "branches": {
          "[:unless, 0, 34, 8, 34, 45]": {
            "[:else, 1, 34, 8, 34, 45]": 0,
            "[:then, 2, 34, 8, 34, 22]": 0
          },
          "[:if, 3, 41, 8, 41, 62]": {
            "[:then, 4, 41, 29, 41, 57]": 0,
            "[:else, 5, 41, 60, 41, 62]": 0
          }
        }
      },
      "/Users/home/code/mcp/savant/lib/savant/indexer/instrumentation.rb": {
        "lines": [
          null,
          null,
          null,
          null,
          null,
          null,
          null,
          1,
          1,
          null,
          null,
          null,
          null,
          1,
          1,
          4,
          null,
          null,
          1,
          10,
          null,
          null,
          1,
          0,
          null,
          null,
          1,
          0,
          0,
          null,
          0,
          0,
          0,
          0,
          0,
          null,
          null,
          null,
          null,
          null
        ],
        "branches": {
          "[:if, 0, 28, 8, 36, 11]": {
            "[:then, 1, 29, 10, 29, 53]": 0,
            "[:else, 2, 31, 10, 35, 13]": 0
          }
        }
      },
      "/Users/home/code/mcp/savant/lib/savant/indexer/language.rb": {
        "lines": [
          null,
          null,
          null,
          null,
          null,
          null,
          null,
          1,
          1,
          null,
          null,
          null,
          1,
          1,
          4,
          4,
          null,
          null,
          null,
          null
        ],
        "branches": {
          "[:if, 0, 16, 8, 16, 32]": {
            "[:then, 1, 16, 21, 16, 26]": 0,
            "[:else, 2, 16, 29, 16, 32]": 4
          }
        }
      },
      "/Users/home/code/mcp/savant/lib/savant/indexer/chunker/base.rb": {
        "lines": [
          null,
          null,
          null,
          null,
          null,
          null,
          null,
          1,
          1,
          1,
          null,
          null,
          null,
          1,
          1,
          0,
          null,
          null,
          null,
          null,
          null
        ],
        "branches": {}
      },
      "/Users/home/code/mcp/savant/lib/savant/indexer/chunker/code_chunker.rb": {
        "lines": [
          null,
          null,
          null,
          null,
          null,
          null,
          null,
          1,
          1,
          1,
          null,
          null,
          null,
          1,
          1,
          2,
          2,
          2,
          2,
          2,
          2,
          2,
          2,
          2,
          2,
          0,
          0,
          null,
          2,
          null,
          null,
          null,
          null,
          null
        ],
        "branches": {
          "[:while, 0, 22, 10, 28, 13]": {
            "[:body, 1, 23, 12, 27, 40]": 2
          },
          "[:if, 2, 25, 12, 25, 38]": {
            "[:then, 3, 25, 12, 25, 17]": 2,
            "[:else, 4, 25, 12, 25, 38]": 0
          },
          "[:if, 5, 27, 16, 27, 40]": {
            "[:then, 6, 27, 30, 27, 31]": 0,
            "[:else, 7, 27, 34, 27, 40]": 0
          }
        }
      },
      "/Users/home/code/mcp/savant/lib/savant/indexer/chunker/markdown_chunker.rb": {
        "lines": [
          null,
          null,
          null,
          null,
          null,
          null,
          null,
          1,
          1,
          1,
          null,
          null,
          null,
          1,
          1,
          1,
          1,
          1,
          1,
          1,
          1,
          1,
          1,
          null,
          1,
          null,
          null,
          null,
          null,
          null
        ],
        "branches": {
          "[:while, 0, 20, 10, 24, 13]": {
            "[:body, 1, 21, 12, 23, 17]": 1
          }
        }
      },
      "/Users/home/code/mcp/savant/lib/savant/indexer/chunker/plaintext_chunker.rb": {
        "lines": [
          null,
          null,
          null,
          null,
          null,
          null,
          1,
          1,
          1,
          null,
          null,
          null,
          1,
          1,
          null,
          0,
          null,
          null,
          null,
          null,
          null
        ],
        "branches": {}
      },
      "/Users/home/code/mcp/savant/lib/savant/indexer/blob_store.rb": {
        "lines": [
          null,
          null,
          null,
          null,
          null,
          null,
          null,
          null,
          1,
          1,
          null,
          null,
          null,
          null,
          1,
          1,
          4,
          null,
          null,
          1,
          4,
          null,
          null,
          1,
          3,
          null,
          null,
          1,
          3,
          null,
          null,
          1,
          3,
          null,
          null,
          1,
          3,
          null,
          null,
          1,
          4,
          null,
          null,
          null,
          null,
          null,
          1,
          4,
          4,
          null,
          0,
          null,
          null,
          null,
          null,
          null
        ],
        "branches": {
          "[:if, 0, 48, 8, 52, 11]": {
            "[:then, 1, 49, 10, 49, 36]": 4,
            "[:else, 2, 51, 10, 51, 15]": 0
          }
        }
      },
      "/Users/home/code/mcp/savant/lib/savant/indexer/runner.rb": {
        "lines": [
          null,
          null,
          null,
          null,
          null,
          null,
          null,
          null,
          1,
          null,
          1,
          1,
          null,
          null,
          null,
          null,
          1,
          1,
          4,
          4,
          4,
          4,
          null,
          null,
          null,
          null,
          null,
          null,
          1,
          4,
          4,
          4,
          4,
          null,
          4,
          4,
          4,
          4,
          4,
          4,
          4,
          4,
          4,
          4,
          4,
          4,
          null,
          4,
          4,
          5,
          5,
          null,
          5,
          5,
          0,
          0,
          0,
          null,
          null,
          5,
          5,
          5,
          1,
          1,
          1,
          null,
          null,
          null,
          4,
          4,
          4,
          1,
          1,
          1,
          null,
          null,
          null,
          3,
          0,
          0,
          0,
          null,
          null,
          null,
          3,
          3,
          6,
          3,
          3,
          3,
          null,
          3,
          3,
          3,
          3,
          3,
          3,
          null,
          0,
          0,
          0,
          null,
          null,
          null,
          null,
          4,
          null,
          0,
          null,
          null,
          null,
          4,
          5,
          2,
          null,
          4,
          null,
          null,
          4,
          4,
          4,
          null,
          null,
          1,
          null,
          1,
          4,
          8,
          null,
          0,
          null,
          null,
          null,
          1,
          5,
          null,
          null,
          1,
          5,
          5,
          null,
          null,
          1,
          5,
          null,
          null,
          1,
          5,
          null,
          null,
          1,
          3,
          3,
          3,
          null,
          null,
          null,
          1,
          3,
          3,
          null,
          1,
          null,
          0,
          null,
          2,
          null,
          null,
          null,
          null,
          null
        ],
        "branches": {
          "[:if, 0, 42, 18, 42, 60]": {
            "[:then, 1, 42, 46, 42, 53]": 1,
            "[:else, 2, 42, 56, 42, 60]": 3
          },
          "[:if, 3, 100, 14, 100, 110]": {
            "[:then, 4, 100, 14, 100, 99]": 0,
            "[:else, 5, 100, 14, 100, 110]": 0
          },
          "[:if, 6, 56, 16, 56, 120]": {
            "[:then, 7, 56, 16, 56, 109]": 0,
            "[:else, 8, 56, 16, 56, 120]": 0
          },
          "[:if, 9, 54, 14, 58, 17]": {
            "[:then, 10, 55, 16, 57, 20]": 0,
            "[:else, 11, 54, 14, 58, 17]": 5
          },
          "[:if, 12, 64, 16, 64, 75]": {
            "[:then, 13, 64, 16, 64, 64]": 0,
            "[:else, 14, 64, 16, 64, 75]": 1
          },
          "[:if, 15, 62, 14, 66, 17]": {
            "[:then, 16, 63, 16, 65, 20]": 1,
            "[:else, 17, 62, 14, 66, 17]": 4
          },
          "[:if, 18, 73, 16, 73, 95]": {
            "[:then, 19, 73, 16, 73, 84]": 0,
            "[:else, 20, 73, 16, 73, 95]": 1
          },
          "[:if, 21, 71, 14, 75, 17]": {
            "[:then, 22, 72, 16, 74, 20]": 1,
            "[:else, 23, 71, 14, 75, 17]": 3
          },
          "[:if, 24, 80, 16, 80, 72]": {
            "[:then, 25, 80, 16, 80, 61]": 0,
            "[:else, 26, 80, 16, 80, 72]": 0
          },
          "[:if, 27, 78, 14, 82, 17]": {
            "[:then, 28, 79, 16, 81, 20]": 0,
            "[:else, 29, 78, 14, 82, 17]": 3
          },
          "[:if, 30, 96, 20, 96, 90]": {
            "[:then, 31, 96, 39, 96, 84]": 3,
            "[:else, 32, 96, 87, 96, 90]": 0
          },
          "[:if, 33, 97, 14, 97, 125]": {
            "[:then, 34, 97, 14, 97, 114]": 0,
            "[:else, 35, 97, 14, 97, 125]": 3
          },
          "[:if, 36, 108, 12, 108, 125]": {
            "[:then, 37, 108, 12, 108, 114]": 0,
            "[:else, 38, 108, 12, 108, 125]": 0
          },
          "[:if, 39, 112, 10, 115, 13]": {
            "[:then, 40, 113, 12, 114, 47]": 2,
            "[:else, 41, 112, 10, 115, 13]": 2
          },
          "[:if, 42, 120, 8, 120, 95]": {
            "[:then, 43, 120, 8, 120, 84]": 0,
            "[:else, 44, 120, 8, 120, 95]": 4
          },
          "[:if, 45, 127, 8, 131, 11]": {
            "[:then, 46, 128, 10, 128, 56]": 4,
            "[:else, 47, 130, 10, 130, 23]": 0
          },
          "[:case, 48, 160, 8, 167, 11]": {
            "[:when, 49, 162, 10, 162, 53]": 1,
            "[:when, 50, 164, 10, 164, 54]": 0,
            "[:else, 51, 166, 10, 166, 49]": 2
          }
        }
      },
      "/Users/home/code/mcp/savant/lib/savant/indexer/admin.rb": {
        "lines": [
          null,
          null,
          null,
          null,
          null,
          null,
          null,
          1,
          1,
          null,
          null,
          null,
          null,
          1,
          1,
          0,
          null,
          null,
          1,
          0,
          0,
          null,
          null,
          null,
          null,
          null,
          null,
          null,
          null,
          null,
          null,
          null,
          null,
          null,
          null,
          null,
          1,
          0,
          0,
          0,
          0,
          0,
          0,
          0,
          0,
          0,
          0,
          0,
          0,
          0,
          0,
          0,
          0,
          0,
          null,
          0,
          null,
          null,
          null,
          null
        ],
        "branches": {
          "[:if, 0, 47, 20, 47, 85]": {
            "[:then, 1, 47, 29, 47, 79]": 0,
            "[:else, 2, 47, 82, 47, 85]": 0
          }
        }
      },
      "/Users/home/code/mcp/savant/lib/savant/indexer/cli.rb": {
        "lines": [
          null,
          null,
          null,
          null,
          null,
          null,
          null,
          1,
          1,
          null,
          null,
          null,
          1,
          1,
          0,
          0,
          null,
          0,
          0,
          0,
          null,
          null,
          0,
          0,
          0,
          0,
          0,
          0,
          0,
          0,
          0,
          null,
          0,
          0,
          0,
          0,
          null,
          null,
          0,
          null,
          null,
          0,
          0,
          0,
          0,
          0,
          null,
          0,
          null,
          0,
          null,
          0,
          null,
          0,
          0,
          0,
          0,
          null,
          0,
          0,
          0,
          null,
          0,
          0,
          null,
          0,
          0,
          null,
          null,
          null,
          null
        ],
        "branches": {
          "[:if, 0, 18, 8, 21, 11]": {
            "[:then, 1, 19, 10, 20, 16]": 0,
            "[:else, 2, 18, 8, 21, 11]": 0
          },
          "[:if, 3, 23, 39, 23, 80]": {
            "[:then, 4, 23, 67, 23, 74]": 0,
            "[:else, 5, 23, 77, 23, 80]": 0
          },
          "[:if, 6, 23, 15, 23, 81]": {
            "[:then, 7, 23, 32, 23, 35]": 0,
            "[:else, 8, 23, 39, 23, 80]": 0
          },
          "[:if, 9, 27, 10, 37, 13]": {
            "[:then, 10, 28, 12, 31, 29]": 0,
            "[:else, 11, 33, 12, 36, 29]": 0
          },
          "[:if, 12, 39, 17, 39, 46]": {
            "[:then, 13, 39, 24, 39, 38]": 0,
            "[:else, 14, 39, 41, 39, 46]": 0
          },
          "[:if, 15, 44, 19, 49, 15]": {
            "[:then, 16, 45, 14, 46, 40]": 0,
            "[:else, 17, 48, 14, 48, 28]": 0
          },
          "[:if, 18, 25, 8, 58, 11]": {
            "[:then, 19, 26, 10, 37, 13]": 0,
            "[:else, 20, 39, 10, 57, 26]": 0
          }
        }
      },
      "/Users/home/code/mcp/savant/lib/savant/jira/engine.rb": {
        "lines": [
          null,
          null,
          null,
          null,
          null,
          null,
          null,
          null,
          1,
          1,
          1,
          null,
          1,
          1,
          null,
          null,
          null,
          null,
          null,
          null,
          null,
          null,
          1,
          1,
          null,
          null,
          1,
          7,
          6,
          6,
          6,
          6,
          6,
          null,
          null,
          null,
          null,
          null,
          null,
          null,
          1,
          1,
          null,
          null,
          null,
          null,
          1,
          1,
          null,
          null,
          null,
          null,
          1,
          null,
          4,
          null,
          1,
          null,
          1,
          null,
          1,
          null,
          1,
          null,
          1,
          null,
          1,
          null,
          2,
          null,
          1,
          null,
          1,
          null,
          1,
          null,
          1,
          null,
          1,
          null,
          1,
          null,
          1,
          null,
          1,
          null,
          null,
          null,
          null,
          null,
          null,
          1,
          7,
          7,
          6,
          null,
          null,
          null,
          null,
          1,
          2,
          1,
          null,
          null,
          1,
          null,
          null,
          null,
          null,
          null,
          1,
          null,
          0,
          null,
          null,
          null,
          null,
          null,
          null,
          null
        ],
        "branches": {
          "[:if, 0, 94, 8, 94, 55]": {
            "[:then, 1, 94, 8, 94, 32]": 1,
            "[:else, 2, 94, 8, 94, 55]": 6
          },
          "[:unless, 3, 101, 8, 101, 80]": {
            "[:else, 4, 101, 8, 101, 80]": 1,
            "[:then, 5, 101, 8, 101, 59]": 1
          }
        }
      },
      "/Users/home/code/mcp/savant/lib/savant/jira/client.rb": {
        "lines": [
          null,
          null,
          null,
          null,
          null,
          null,
          null,
          null,
          1,
          1,
          1,
          1,
          1,
          null,
          1,
          1,
          null,
          null,
          null,
          1,
          1,
          0,
          0,
          null,
          null,
          1,
          null,
          1,
          0,
          null,
          null,
          1,
          0,
          null,
          null,
          1,
          0,
          null,
          null,
          1,
          0,
          null,
          null,
          1,
          0,
          0,
          0,
          0,
          0,
          0,
          0,
          0,
          0,
          0,
          0,
          0,
          0,
          0,
          null,
          0,
          null,
          null,
          1,
          0,
          0,
          0,
          0,
          0,
          0,
          0,
          0,
          0,
          null,
          0,
          null,
          null,
          1,
          null,
          1,
          0,
          null,
          null,
          1,
          0,
          0,
          0,
          0,
          0,
          0,
          null,
          0,
          null,
          null,
          null,
          1,
          0,
          0,
          0,
          0,
          null,
          0,
          0,
          0,
          0,
          0,
          0,
          0,
          0,
          0,
          0,
          0,
          0,
          null,
          0,
          null,
          null,
          null,
          null
        ],
        "branches": {
          "[:\"&.\", 0, 57, 57, 57, 75]": {
            "[:then, 1, 57, 57, 57, 75]": 0,
            "[:else, 2, 57, 57, 57, 75]": 0
          },
          "[:unless, 3, 56, 8, 59, 11]": {
            "[:else, 4, 56, 8, 59, 11]": 0,
            "[:then, 5, 57, 10, 58, 65]": 0
          },
          "[:\"&.\", 6, 71, 57, 71, 75]": {
            "[:then, 7, 71, 57, 71, 75]": 0,
            "[:else, 8, 71, 57, 71, 75]": 0
          },
          "[:unless, 9, 70, 8, 73, 11]": {
            "[:else, 10, 70, 8, 73, 11]": 0,
            "[:then, 11, 71, 10, 72, 65]": 0
          },
          "[:if, 12, 80, 33, 80, 65]": {
            "[:then, 13, 80, 57, 80, 59]": 0,
            "[:else, 14, 80, 62, 80, 65]": 0
          },
          "[:if, 15, 87, 8, 91, 42]": {
            "[:then, 16, 88, 10, 89, 49]": 0,
            "[:else, 17, 91, 10, 91, 42]": 0
          },
          "[:if, 18, 84, 8, 92, 11]": {
            "[:then, 19, 85, 10, 86, 49]": 0,
            "[:else, 20, 87, 8, 91, 42]": 0
          },
          "[:unless, 21, 97, 8, 100, 11]": {
            "[:else, 22, 97, 8, 100, 11]": 0,
            "[:then, 23, 98, 10, 99, 40]": 0
          },
          "[:if, 24, 106, 8, 106, 56]": {
            "[:then, 25, 106, 8, 106, 48]": 0,
            "[:else, 26, 106, 8, 106, 56]": 0
          },
          "[:if, 27, 108, 8, 108, 31]": {
            "[:then, 28, 108, 8, 108, 23]": 0,
            "[:else, 29, 108, 8, 108, 31]": 0
          },
          "[:\"&.\", 30, 111, 57, 111, 75]": {
            "[:then, 31, 111, 57, 111, 75]": 0,
            "[:else, 32, 111, 57, 111, 75]": 0
          },
          "[:unless, 33, 110, 8, 113, 11]": {
            "[:else, 34, 110, 8, 113, 11]": 0,
            "[:then, 35, 111, 10, 112, 65]": 0
          },
          "[:if, 36, 114, 8, 114, 64]": {
            "[:then, 37, 114, 39, 114, 59]": 0,
            "[:else, 38, 114, 62, 114, 64]": 0
          }
        }
      },
      "/Users/home/code/mcp/savant/lib/savant/jira/ops.rb": {
        "lines": [
          null,
          null,
          null,
          null,
          null,
          null,
          null,
          null,
          1,
          null,
          1,
          1,
          null,
          null,
          null,
          1,
          1,
          0,
          null,
          null,
          1,
          0,
          0,
          0,
          0,
          0,
          null,
          null,
          null,
          1,
          0,
          0,
          0,
          null,
          null,
          1,
          0,
          0,
          0,
          null,
          null,
          1,
          0,
          0,
          null,
          null,
          1,
          0,
          0,
          null,
          null,
          1,
          0,
          0,
          0,
          0,
          null,
          0,
          0,
          null,
          null,
          1,
          0,
          0,
          null,
          null,
          1,
          0,
          0,
          null,
          null,
          1,
          0,
          0,
          0,
          null,
          null,
          1,
          0,
          0,
          null,
          null,
          1,
          0,
          0,
          0,
          0,
          0,
          0,
          0,
          0,
          0,
          null,
          0,
          null,
          null,
          1,
          0,
          0,
          0,
          0,
          0,
          0,
          null,
          null,
          1,
          0,
          0,
          0,
          null,
          null,
          1,
          0,
          0,
          null,
          null,
          1,
          0,
          null,
          null,
          1,
          0,
          0,
          null,
          0,
          null,
          null,
          null,
          null,
          null
        ],
        "branches": {
          "[:if, 0, 32, 8, 32, 77]": {
            "[:then, 1, 32, 8, 32, 49]": 0,
            "[:else, 2, 32, 8, 32, 77]": 0
          },
          "[:if, 3, 37, 137, 37, 180]": {
            "[:then, 4, 37, 137, 37, 165]": 0,
            "[:else, 5, 37, 137, 37, 180]": 0
          },
          "[:unless, 6, 55, 10, 55, 51]": {
            "[:else, 7, 55, 10, 55, 51]": 0,
            "[:then, 8, 55, 10, 55, 38]": 0
          },
          "[:if, 9, 53, 8, 57, 11]": {
            "[:then, 10, 54, 10, 56, 36]": 0,
            "[:else, 11, 53, 8, 57, 11]": 0
          },
          "[:if, 12, 73, 15, 73, 68]": {
            "[:then, 13, 73, 27, 73, 51]": 0,
            "[:else, 14, 73, 54, 73, 68]": 0
          },
          "[:if, 15, 107, 200, 107, 253]": {
            "[:then, 16, 107, 200, 107, 233]": 0,
            "[:else, 17, 107, 200, 107, 253]": 0
          },
          "[:if, 18, 122, 8, 126, 11]": {
            "[:then, 19, 123, 10, 123, 62]": 0,
            "[:else, 20, 125, 10, 125, 38]": 0
          }
        }
      },
      "/Users/home/code/mcp/savant/lib/savant/mcp/core/registrar.rb": {
        "lines": [
          null,
          null,
          1,
          1,
          null,
          1,
          1,
          1,
          null,
          null,
          null,
          1,
          1,
          3,
          3,
          null,
          null,
          1,
          1,
          null,
          null,
          1,
          2,
          2,
          null,
          null,
          1,
          1,
          null,
          null,
          1,
          3,
          3,
          null,
          2,
          2,
          2,
          null,
          null,
          null,
          null,
          null,
          null
        ],
        "branches": {
          "[:if, 0, 23, 10, 23, 67]": {
            "[:then, 1, 23, 10, 23, 36]": 0,
            "[:else, 2, 23, 10, 23, 67]": 2
          },
          "[:unless, 3, 33, 10, 33, 42]": {
            "[:else, 4, 33, 10, 33, 42]": 2,
            "[:then, 5, 33, 10, 33, 30]": 1
          }
        }
      },
      "/Users/home/code/mcp/savant/lib/savant/mcp/core/tool.rb": {
        "lines": [
          null,
          null,
          1,
          1,
          1,
          null,
          null,
          null,
          1,
          1,
          null,
          1,
          2,
          2,
          2,
          2,
          null,
          null,
          1,
          1,
          null,
          null,
          null,
          null,
          null
        ],
        "branches": {}
      },
      "/Users/home/code/mcp/savant/lib/savant/mcp/core/middleware.rb": {
        "lines": [
          null,
          null,
          1,
          1,
          1,
          null,
          null,
          null,
          1,
          1,
          3,
          null,
          null,
          null,
          1,
          1,
          null,
          null,
          1,
          2,
          2,
          null,
          2,
          null,
          null,
          null,
          null,
          null
        ],
        "branches": {
          "[:if, 0, 16, 10, 16, 36]": {
            "[:then, 1, 16, 10, 16, 29]": 1,
            "[:else, 2, 16, 10, 16, 36]": 0
          }
        }
      },
      "/Users/home/code/mcp/savant/lib/savant/mcp/core/dsl.rb": {
        "lines": [
          null,
          null,
          1,
          1,
          null,
          1,
          1,
          1,
          1,
          null,
          null,
          null,
          1,
          1,
          2,
          null,
          null,
          1,
          1,
          null,
          null,
          1,
          2,
          2,
          2,
          2,
          null,
          null,
          1,
          2,
          null,
          null,
          null,
          1,
          null,
          1,
          2,
          2,
          2,
          null,
          null,
          null,
          null,
          null
        ],
        "branches": {
          "[:unless, 0, 23, 12, 23, 57]": {
            "[:else, 1, 23, 12, 23, 57]": 2,
            "[:then, 2, 23, 12, 23, 42]": 0
          },
          "[:if, 3, 38, 10, 38, 38]": {
            "[:then, 4, 38, 10, 38, 31]": 2,
            "[:else, 5, 38, 10, 38, 38]": 0
          }
        }
      },
      "/Users/home/code/mcp/savant/lib/savant/mcp/core/validation.rb": {
        "lines": [
          null,
          null,
          1,
          1,
          1,
          null,
          null,
          null,
          1,
          null,
          1,
          1,
          null,
          1,
          5,
          5,
          0,
          null,
          5,
          5,
          5,
          null,
          null,
          5,
          1,
          null,
          null,
          5,
          5,
          6,
          6,
          6,
          null,
          4,
          null,
          null,
          1,
          9,
          9,
          null,
          3,
          9,
          3,
          3,
          null,
          null,
          0,
          null,
          0,
          null,
          0,
          null,
          null,
          0,
          null,
          null,
          6,
          null,
          2,
          2,
          0,
          0,
          null,
          2,
          null,
          0,
          0,
          0,
          null,
          1,
          1,
          3,
          null,
          0,
          null,
          0,
          0,
          null,
          0,
          null,
          1,
          null,
          null,
          1,
          null,
          null,
          1,
          6,
          6,
          1,
          3,
          0,
          0,
          2,
          0,
          0,
          null,
          null,
          null,
          1,
          154,
          null,
          182,
          null,
          38,
          null,
          63,
          null,
          null,
          null,
          null,
          null,
          null
        ],
        "branches": {
          "[:unless, 0, 16, 10, 18, 13]": {
            "[:else, 1, 16, 10, 18, 13]": 5,
            "[:then, 2, 17, 12, 17, 71]": 0
          },
          "[:unless, 3, 25, 12, 25, 96]": {
            "[:else, 4, 25, 12, 25, 96]": 1,
            "[:then, 5, 25, 12, 25, 59]": 0
          },
          "[:unless, 6, 30, 12, 30, 47]": {
            "[:else, 7, 30, 12, 30, 47]": 6,
            "[:then, 8, 30, 12, 30, 16]": 0
          },
          "[:if, 9, 43, 12, 45, 15]": {
            "[:then, 10, 44, 14, 44, 49]": 3,
            "[:else, 11, 43, 12, 45, 15]": 0
          },
          "[:if, 12, 39, 10, 55, 13]": {
            "[:then, 13, 41, 12, 54, 63]": 3,
            "[:else, 14, 39, 10, 55, 13]": 6
          },
          "[:case, 15, 57, 10, 82, 13]": {
            "[:when, 16, 59, 12, 62, 52]": 2,
            "[:when, 17, 64, 19, 64, 31]": 2,
            "[:when, 18, 66, 12, 68, 52]": 0,
            "[:when, 19, 70, 12, 74, 22]": 1,
            "[:when, 20, 76, 12, 77, 22]": 0,
            "[:when, 21, 79, 19, 79, 22]": 0,
            "[:else, 22, 81, 19, 81, 22]": 1
          },
          "[:if, 23, 59, 12, 59, 33]": {
            "[:then, 24, 59, 12, 59, 21]": 0,
            "[:else, 25, 59, 12, 59, 33]": 2
          },
          "[:if, 26, 60, 12, 60, 43]": {
            "[:then, 27, 60, 12, 60, 22]": 2,
            "[:else, 28, 60, 12, 60, 43]": 0
          },
          "[:if, 29, 61, 12, 61, 49]": {
            "[:then, 30, 61, 12, 61, 27]": 0,
            "[:else, 31, 61, 12, 61, 49]": 0
          },
          "[:if, 32, 66, 12, 66, 87]": {
            "[:then, 33, 66, 12, 66, 23]": 0,
            "[:else, 34, 66, 12, 66, 87]": 0
          },
          "[:if, 35, 67, 12, 67, 90]": {
            "[:then, 36, 67, 12, 67, 24]": 0,
            "[:else, 37, 67, 12, 67, 90]": 0
          },
          "[:unless, 38, 70, 12, 70, 75]": {
            "[:else, 39, 70, 12, 70, 75]": 1,
            "[:then, 40, 70, 12, 70, 51]": 0
          },
          "[:\"&.\", 41, 71, 15, 71, 38]": {
            "[:then, 42, 71, 15, 71, 38]": 1,
            "[:else, 43, 71, 15, 71, 38]": 0
          },
          "[:if, 44, 71, 12, 73, 15]": {
            "[:then, 45, 72, 14, 72, 43]": 1,
            "[:else, 46, 71, 12, 73, 15]": 0
          },
          "[:unless, 47, 76, 12, 76, 75]": {
            "[:else, 48, 76, 12, 76, 75]": 0,
            "[:then, 49, 76, 12, 76, 52]": 0
          },
          "[:case, 50, 89, 10, 97, 13]": {
            "[:when, 51, 90, 27, 90, 35]": 1,
            "[:when, 52, 91, 29, 91, 68]": 3,
            "[:when, 53, 92, 30, 92, 89]": 0,
            "[:when, 54, 93, 30, 93, 121]": 0,
            "[:when, 55, 94, 28, 94, 44]": 2,
            "[:when, 56, 95, 29, 95, 44]": 0,
            "[:else, 57, 96, 15, 96, 19]": 0
          },
          "[:case, 58, 101, 10, 108, 13]": {
            "[:when, 59, 103, 12, 103, 84]": 81,
            "[:when, 60, 105, 12, 105, 45]": 10,
            "[:else, 61, 107, 12, 107, 15]": 63
          }
        }
      }
    },
    "timestamp": 1761006922
  }
}
